[INFO] Scanning for projects...
[INFO] 
[INFO] ---------------------< com.example:order-service >----------------------
[INFO] Building order-service 0.0.1-SNAPSHOT
[INFO]   from pom.xml
[INFO] --------------------------------[ jar ]---------------------------------
[INFO] 
[INFO] --- clean:3.3.2:clean (default-clean) @ order-service ---
[INFO] Deleting /Users/lfrd/Documents/velora-system/order-service/target
[INFO] 
[INFO] >>> spring-boot:3.2.5:run (default-cli) > test-compile @ order-service >>>
[INFO] 
[INFO] --- resources:3.3.1:resources (default-resources) @ order-service ---
[INFO] Copying 1 resource from src/main/resources to target/classes
[INFO] Copying 0 resource from src/main/resources to target/classes
[INFO] 
[INFO] --- compiler:3.11.0:compile (default-compile) @ order-service ---
[INFO] Changes detected - recompiling the module! :source
[INFO] Compiling 24 source files with javac [debug release 17] to target/classes
[INFO] 
[INFO] --- resources:3.3.1:testResources (default-testResources) @ order-service ---
[INFO] skip non existing resourceDirectory /Users/lfrd/Documents/velora-system/order-service/src/test/resources
[INFO] 
[INFO] --- compiler:3.11.0:testCompile (default-testCompile) @ order-service ---
[INFO] No sources to compile
[INFO] 
[INFO] <<< spring-boot:3.2.5:run (default-cli) < test-compile @ order-service <<<
[INFO] 
[INFO] 
[INFO] --- spring-boot:3.2.5:run (default-cli) @ order-service ---
[INFO] Attaching agents: []

  .   ____          _            __ _ _
 /\\ / ___'_ __ _ _(_)_ __  __ _ \ \ \ \
( ( )\___ | '_ | '_| | '_ \/ _` | \ \ \ \
 \\/  ___)| |_)| | | | | || (_| |  ) ) ) )
  '  |____| .__|_| |_|_| |_\__, | / / / /
 =========|_|==============|___/=/_/_/_/
 :: Spring Boot ::                (v3.2.5)

2026-04-22T21:39:27.012+07:00  INFO 81605 --- [order-service] [           main] c.e.o.OrderServiceApplication            : Starting OrderServiceApplication using Java 25.0.2 with PID 81605 (/Users/lfrd/Documents/velora-system/order-service/target/classes started by lfrd in /Users/lfrd/Documents/velora-system/order-service)
2026-04-22T21:39:27.014+07:00  INFO 81605 --- [order-service] [           main] c.e.o.OrderServiceApplication            : No active profile set, falling back to 1 default profile: "default"
2026-04-22T21:39:27.665+07:00  INFO 81605 --- [order-service] [           main] .s.d.r.c.RepositoryConfigurationDelegate : Bootstrapping Spring Data JPA repositories in DEFAULT mode.
2026-04-22T21:39:27.693+07:00  INFO 81605 --- [order-service] [           main] .s.d.r.c.RepositoryConfigurationDelegate : Finished Spring Data repository scanning in 25 ms. Found 1 JPA repository interface.
WARNING: A restricted method in java.lang.System has been called
WARNING: java.lang.System::load has been called by org.apache.tomcat.jni.Library in an unnamed module (file:/Users/lfrd/.m2/repository/org/apache/tomcat/embed/tomcat-embed-core/10.1.20/tomcat-embed-core-10.1.20.jar)
WARNING: Use --enable-native-access=ALL-UNNAMED to avoid a warning for callers in this module
WARNING: Restricted methods will be blocked in a future release unless native access is enabled

2026-04-22T21:39:28.143+07:00  INFO 81605 --- [order-service] [           main] o.s.b.w.embedded.tomcat.TomcatWebServer  : Tomcat initialized with port 8083 (http)
2026-04-22T21:39:28.150+07:00  INFO 81605 --- [order-service] [           main] o.apache.catalina.core.StandardService   : Starting service [Tomcat]
2026-04-22T21:39:28.150+07:00  INFO 81605 --- [order-service] [           main] o.apache.catalina.core.StandardEngine    : Starting Servlet engine: [Apache Tomcat/10.1.20]
2026-04-22T21:39:28.179+07:00  INFO 81605 --- [order-service] [           main] o.a.c.c.C.[Tomcat].[localhost].[/]       : Initializing Spring embedded WebApplicationContext
2026-04-22T21:39:28.179+07:00  INFO 81605 --- [order-service] [           main] w.s.c.ServletWebServerApplicationContext : Root WebApplicationContext: initialization completed in 1138 ms
2026-04-22T21:39:28.354+07:00  INFO 81605 --- [order-service] [           main] o.hibernate.jpa.internal.util.LogHelper  : HHH000204: Processing PersistenceUnitInfo [name: default]
2026-04-22T21:39:28.379+07:00  INFO 81605 --- [order-service] [           main] org.hibernate.Version                    : HHH000412: Hibernate ORM core version 6.4.4.Final
2026-04-22T21:39:28.426+07:00  INFO 81605 --- [order-service] [           main] o.h.c.internal.RegionFactoryInitiator    : HHH000026: Second-level cache disabled
2026-04-22T21:39:28.541+07:00  INFO 81605 --- [order-service] [           main] o.s.o.j.p.SpringPersistenceUnitInfo      : No LoadTimeWeaver setup: ignoring JPA class transformer
2026-04-22T21:39:28.554+07:00  INFO 81605 --- [order-service] [           main] com.zaxxer.hikari.HikariDataSource       : HikariPool-1 - Starting...
2026-04-22T21:39:28.655+07:00  INFO 81605 --- [order-service] [           main] com.zaxxer.hikari.pool.HikariPool        : HikariPool-1 - Added connection com.mysql.cj.jdbc.ConnectionImpl@4ae958b0
2026-04-22T21:39:28.656+07:00  INFO 81605 --- [order-service] [           main] com.zaxxer.hikari.HikariDataSource       : HikariPool-1 - Start completed.
2026-04-22T21:39:29.186+07:00  INFO 81605 --- [order-service] [           main] o.h.e.t.j.p.i.JtaPlatformInitiator       : HHH000489: No JTA platform available (set 'hibernate.transaction.jta.platform' to enable JTA platform integration)
2026-04-22T21:39:29.235+07:00  INFO 81605 --- [order-service] [           main] j.LocalContainerEntityManagerFactoryBean : Initialized JPA EntityManagerFactory for persistence unit 'default'
2026-04-22T21:39:29.648+07:00  WARN 81605 --- [order-service] [           main] JpaBaseConfiguration$JpaWebConfiguration : spring.jpa.open-in-view is enabled by default. Therefore, database queries may be performed during view rendering. Explicitly configure spring.jpa.open-in-view to disable this warning
2026-04-22T21:39:30.120+07:00  INFO 81605 --- [order-service] [           main] o.s.b.a.e.web.EndpointLinksResolver      : Exposing 2 endpoint(s) beneath base path '/actuator'
2026-04-22T21:39:30.185+07:00  INFO 81605 --- [order-service] [           main] o.s.b.w.embedded.tomcat.TomcatWebServer  : Tomcat started on port 8083 (http) with context path ''
2026-04-22T21:39:30.207+07:00  INFO 81605 --- [order-service] [           main] o.a.k.clients.consumer.ConsumerConfig    : ConsumerConfig values: 
	allow.auto.create.topics = true
	auto.commit.interval.ms = 5000
	auto.include.jmx.reporter = true
	auto.offset.reset = earliest
	bootstrap.servers = [localhost:9092]
	check.crcs = true
	client.dns.lookup = use_all_dns_ips
	client.id = consumer-order-service-1
	client.rack = 
	connections.max.idle.ms = 540000
	default.api.timeout.ms = 60000
	enable.auto.commit = false
	exclude.internal.topics = true
	fetch.max.bytes = 52428800
	fetch.max.wait.ms = 500
	fetch.min.bytes = 1
	group.id = order-service
	group.instance.id = null
	heartbeat.interval.ms = 3000
	interceptor.classes = []
	internal.leave.group.on.close = true
	internal.throw.on.fetch.stable.offset.unsupported = false
	isolation.level = read_uncommitted
	key.deserializer = class org.apache.kafka.common.serialization.StringDeserializer
	max.partition.fetch.bytes = 1048576
	max.poll.interval.ms = 300000
	max.poll.records = 500
	metadata.max.age.ms = 300000
	metric.reporters = []
	metrics.num.samples = 2
	metrics.recording.level = INFO
	metrics.sample.window.ms = 30000
	partition.assignment.strategy = [class org.apache.kafka.clients.consumer.RangeAssignor, class org.apache.kafka.clients.consumer.CooperativeStickyAssignor]
	receive.buffer.bytes = 65536
	reconnect.backoff.max.ms = 1000
	reconnect.backoff.ms = 50
	request.timeout.ms = 30000
	retry.backoff.ms = 100
	sasl.client.callback.handler.class = null
	sasl.jaas.config = null
	sasl.kerberos.kinit.cmd = /usr/bin/kinit
	sasl.kerberos.min.time.before.relogin = 60000
	sasl.kerberos.service.name = null
	sasl.kerberos.ticket.renew.jitter = 0.05
	sasl.kerberos.ticket.renew.window.factor = 0.8
	sasl.login.callback.handler.class = null
	sasl.login.class = null
	sasl.login.connect.timeout.ms = null
	sasl.login.read.timeout.ms = null
	sasl.login.refresh.buffer.seconds = 300
	sasl.login.refresh.min.period.seconds = 60
	sasl.login.refresh.window.factor = 0.8
	sasl.login.refresh.window.jitter = 0.05
	sasl.login.retry.backoff.max.ms = 10000
	sasl.login.retry.backoff.ms = 100
	sasl.mechanism = GSSAPI
	sasl.oauthbearer.clock.skew.seconds = 30
	sasl.oauthbearer.expected.audience = null
	sasl.oauthbearer.expected.issuer = null
	sasl.oauthbearer.jwks.endpoint.refresh.ms = 3600000
	sasl.oauthbearer.jwks.endpoint.retry.backoff.max.ms = 10000
	sasl.oauthbearer.jwks.endpoint.retry.backoff.ms = 100
	sasl.oauthbearer.jwks.endpoint.url = null
	sasl.oauthbearer.scope.claim.name = scope
	sasl.oauthbearer.sub.claim.name = sub
	sasl.oauthbearer.token.endpoint.url = null
	security.protocol = PLAINTEXT
	security.providers = null
	send.buffer.bytes = 131072
	session.timeout.ms = 45000
	socket.connection.setup.timeout.max.ms = 30000
	socket.connection.setup.timeout.ms = 10000
	ssl.cipher.suites = null
	ssl.enabled.protocols = [TLSv1.2, TLSv1.3]
	ssl.endpoint.identification.algorithm = https
	ssl.engine.factory.class = null
	ssl.key.password = null
	ssl.keymanager.algorithm = SunX509
	ssl.keystore.certificate.chain = null
	ssl.keystore.key = null
	ssl.keystore.location = null
	ssl.keystore.password = null
	ssl.keystore.type = JKS
	ssl.protocol = TLSv1.3
	ssl.provider = null
	ssl.secure.random.implementation = null
	ssl.trustmanager.algorithm = PKIX
	ssl.truststore.certificates = null
	ssl.truststore.location = null
	ssl.truststore.password = null
	ssl.truststore.type = JKS
	value.deserializer = class org.apache.kafka.common.serialization.ByteArrayDeserializer

2026-04-22T21:39:30.282+07:00  INFO 81605 --- [order-service] [           main] o.a.k.clients.consumer.ConsumerConfig    : These configurations '[spring.json.trusted.packages]' were supplied but are not used yet.
2026-04-22T21:39:30.282+07:00  INFO 81605 --- [order-service] [           main] o.a.kafka.common.utils.AppInfoParser     : Kafka version: 3.6.2
2026-04-22T21:39:30.282+07:00  INFO 81605 --- [order-service] [           main] o.a.kafka.common.utils.AppInfoParser     : Kafka commitId: c4deed513057c94e
2026-04-22T21:39:30.282+07:00  INFO 81605 --- [order-service] [           main] o.a.kafka.common.utils.AppInfoParser     : Kafka startTimeMs: 1776868770282
2026-04-22T21:39:30.295+07:00  INFO 81605 --- [order-service] [           main] fkaConsumerFactory$ExtendedKafkaConsumer : [Consumer clientId=consumer-order-service-1, groupId=order-service] Subscribed to topic(s): velora.shipment.created.topic
2026-04-22T21:39:30.299+07:00  INFO 81605 --- [order-service] [           main] o.a.k.clients.consumer.ConsumerConfig    : ConsumerConfig values: 
	allow.auto.create.topics = true
	auto.commit.interval.ms = 5000
	auto.include.jmx.reporter = true
	auto.offset.reset = earliest
	bootstrap.servers = [localhost:9092]
	check.crcs = true
	client.dns.lookup = use_all_dns_ips
	client.id = consumer-order-service-2
	client.rack = 
	connections.max.idle.ms = 540000
	default.api.timeout.ms = 60000
	enable.auto.commit = false
	exclude.internal.topics = true
	fetch.max.bytes = 52428800
	fetch.max.wait.ms = 500
	fetch.min.bytes = 1
	group.id = order-service
	group.instance.id = null
	heartbeat.interval.ms = 3000
	interceptor.classes = []
	internal.leave.group.on.close = true
	internal.throw.on.fetch.stable.offset.unsupported = false
	isolation.level = read_uncommitted
	key.deserializer = class org.apache.kafka.common.serialization.StringDeserializer
	max.partition.fetch.bytes = 1048576
	max.poll.interval.ms = 300000
	max.poll.records = 500
	metadata.max.age.ms = 300000
	metric.reporters = []
	metrics.num.samples = 2
	metrics.recording.level = INFO
	metrics.sample.window.ms = 30000
	partition.assignment.strategy = [class org.apache.kafka.clients.consumer.RangeAssignor, class org.apache.kafka.clients.consumer.CooperativeStickyAssignor]
	receive.buffer.bytes = 65536
	reconnect.backoff.max.ms = 1000
	reconnect.backoff.ms = 50
	request.timeout.ms = 30000
	retry.backoff.ms = 100
	sasl.client.callback.handler.class = null
	sasl.jaas.config = null
	sasl.kerberos.kinit.cmd = /usr/bin/kinit
	sasl.kerberos.min.time.before.relogin = 60000
	sasl.kerberos.service.name = null
	sasl.kerberos.ticket.renew.jitter = 0.05
	sasl.kerberos.ticket.renew.window.factor = 0.8
	sasl.login.callback.handler.class = null
	sasl.login.class = null
	sasl.login.connect.timeout.ms = null
	sasl.login.read.timeout.ms = null
	sasl.login.refresh.buffer.seconds = 300
	sasl.login.refresh.min.period.seconds = 60
	sasl.login.refresh.window.factor = 0.8
	sasl.login.refresh.window.jitter = 0.05
	sasl.login.retry.backoff.max.ms = 10000
	sasl.login.retry.backoff.ms = 100
	sasl.mechanism = GSSAPI
	sasl.oauthbearer.clock.skew.seconds = 30
	sasl.oauthbearer.expected.audience = null
	sasl.oauthbearer.expected.issuer = null
	sasl.oauthbearer.jwks.endpoint.refresh.ms = 3600000
	sasl.oauthbearer.jwks.endpoint.retry.backoff.max.ms = 10000
	sasl.oauthbearer.jwks.endpoint.retry.backoff.ms = 100
	sasl.oauthbearer.jwks.endpoint.url = null
	sasl.oauthbearer.scope.claim.name = scope
	sasl.oauthbearer.sub.claim.name = sub
	sasl.oauthbearer.token.endpoint.url = null
	security.protocol = PLAINTEXT
	security.providers = null
	send.buffer.bytes = 131072
	session.timeout.ms = 45000
	socket.connection.setup.timeout.max.ms = 30000
	socket.connection.setup.timeout.ms = 10000
	ssl.cipher.suites = null
	ssl.enabled.protocols = [TLSv1.2, TLSv1.3]
	ssl.endpoint.identification.algorithm = https
	ssl.engine.factory.class = null
	ssl.key.password = null
	ssl.keymanager.algorithm = SunX509
	ssl.keystore.certificate.chain = null
	ssl.keystore.key = null
	ssl.keystore.location = null
	ssl.keystore.password = null
	ssl.keystore.type = JKS
	ssl.protocol = TLSv1.3
	ssl.provider = null
	ssl.secure.random.implementation = null
	ssl.trustmanager.algorithm = PKIX
	ssl.truststore.certificates = null
	ssl.truststore.location = null
	ssl.truststore.password = null
	ssl.truststore.type = JKS
	value.deserializer = class org.apache.kafka.common.serialization.ByteArrayDeserializer

2026-04-22T21:39:30.302+07:00  INFO 81605 --- [order-service] [           main] o.a.k.clients.consumer.ConsumerConfig    : These configurations '[spring.json.trusted.packages]' were supplied but are not used yet.
2026-04-22T21:39:30.302+07:00  INFO 81605 --- [order-service] [           main] o.a.kafka.common.utils.AppInfoParser     : Kafka version: 3.6.2
2026-04-22T21:39:30.302+07:00  INFO 81605 --- [order-service] [           main] o.a.kafka.common.utils.AppInfoParser     : Kafka commitId: c4deed513057c94e
2026-04-22T21:39:30.302+07:00  INFO 81605 --- [order-service] [           main] o.a.kafka.common.utils.AppInfoParser     : Kafka startTimeMs: 1776868770302
2026-04-22T21:39:30.305+07:00  INFO 81605 --- [order-service] [           main] fkaConsumerFactory$ExtendedKafkaConsumer : [Consumer clientId=consumer-order-service-2, groupId=order-service] Subscribed to topic(s): velora.payment.success.topic
2026-04-22T21:39:30.306+07:00  INFO 81605 --- [order-service] [           main] o.a.k.clients.consumer.ConsumerConfig    : ConsumerConfig values: 
	allow.auto.create.topics = true
	auto.commit.interval.ms = 5000
	auto.include.jmx.reporter = true
	auto.offset.reset = earliest
	bootstrap.servers = [localhost:9092]
	check.crcs = true
	client.dns.lookup = use_all_dns_ips
	client.id = consumer-order-service-3
	client.rack = 
	connections.max.idle.ms = 540000
	default.api.timeout.ms = 60000
	enable.auto.commit = false
	exclude.internal.topics = true
	fetch.max.bytes = 52428800
	fetch.max.wait.ms = 500
	fetch.min.bytes = 1
	group.id = order-service
	group.instance.id = null
	heartbeat.interval.ms = 3000
	interceptor.classes = []
	internal.leave.group.on.close = true
	internal.throw.on.fetch.stable.offset.unsupported = false
	isolation.level = read_uncommitted
	key.deserializer = class org.apache.kafka.common.serialization.StringDeserializer
	max.partition.fetch.bytes = 1048576
	max.poll.interval.ms = 300000
	max.poll.records = 500
	metadata.max.age.ms = 300000
	metric.reporters = []
	metrics.num.samples = 2
	metrics.recording.level = INFO
	metrics.sample.window.ms = 30000
	partition.assignment.strategy = [class org.apache.kafka.clients.consumer.RangeAssignor, class org.apache.kafka.clients.consumer.CooperativeStickyAssignor]
	receive.buffer.bytes = 65536
	reconnect.backoff.max.ms = 1000
	reconnect.backoff.ms = 50
	request.timeout.ms = 30000
	retry.backoff.ms = 100
	sasl.client.callback.handler.class = null
	sasl.jaas.config = null
	sasl.kerberos.kinit.cmd = /usr/bin/kinit
	sasl.kerberos.min.time.before.relogin = 60000
	sasl.kerberos.service.name = null
	sasl.kerberos.ticket.renew.jitter = 0.05
	sasl.kerberos.ticket.renew.window.factor = 0.8
	sasl.login.callback.handler.class = null
	sasl.login.class = null
	sasl.login.connect.timeout.ms = null
	sasl.login.read.timeout.ms = null
	sasl.login.refresh.buffer.seconds = 300
	sasl.login.refresh.min.period.seconds = 60
	sasl.login.refresh.window.factor = 0.8
	sasl.login.refresh.window.jitter = 0.05
	sasl.login.retry.backoff.max.ms = 10000
	sasl.login.retry.backoff.ms = 100
	sasl.mechanism = GSSAPI
	sasl.oauthbearer.clock.skew.seconds = 30
	sasl.oauthbearer.expected.audience = null
	sasl.oauthbearer.expected.issuer = null
	sasl.oauthbearer.jwks.endpoint.refresh.ms = 3600000
	sasl.oauthbearer.jwks.endpoint.retry.backoff.max.ms = 10000
	sasl.oauthbearer.jwks.endpoint.retry.backoff.ms = 100
	sasl.oauthbearer.jwks.endpoint.url = null
	sasl.oauthbearer.scope.claim.name = scope
	sasl.oauthbearer.sub.claim.name = sub
	sasl.oauthbearer.token.endpoint.url = null
	security.protocol = PLAINTEXT
	security.providers = null
	send.buffer.bytes = 131072
	session.timeout.ms = 45000
	socket.connection.setup.timeout.max.ms = 30000
	socket.connection.setup.timeout.ms = 10000
	ssl.cipher.suites = null
	ssl.enabled.protocols = [TLSv1.2, TLSv1.3]
	ssl.endpoint.identification.algorithm = https
	ssl.engine.factory.class = null
	ssl.key.password = null
	ssl.keymanager.algorithm = SunX509
	ssl.keystore.certificate.chain = null
	ssl.keystore.key = null
	ssl.keystore.location = null
	ssl.keystore.password = null
	ssl.keystore.type = JKS
	ssl.protocol = TLSv1.3
	ssl.provider = null
	ssl.secure.random.implementation = null
	ssl.trustmanager.algorithm = PKIX
	ssl.truststore.certificates = null
	ssl.truststore.location = null
	ssl.truststore.password = null
	ssl.truststore.type = JKS
	value.deserializer = class org.apache.kafka.common.serialization.ByteArrayDeserializer

2026-04-22T21:39:30.308+07:00  INFO 81605 --- [order-service] [           main] o.a.k.clients.consumer.ConsumerConfig    : These configurations '[spring.json.trusted.packages]' were supplied but are not used yet.
2026-04-22T21:39:30.308+07:00  INFO 81605 --- [order-service] [           main] o.a.kafka.common.utils.AppInfoParser     : Kafka version: 3.6.2
2026-04-22T21:39:30.308+07:00  INFO 81605 --- [order-service] [           main] o.a.kafka.common.utils.AppInfoParser     : Kafka commitId: c4deed513057c94e
2026-04-22T21:39:30.308+07:00  INFO 81605 --- [order-service] [           main] o.a.kafka.common.utils.AppInfoParser     : Kafka startTimeMs: 1776868770308
2026-04-22T21:39:30.310+07:00  INFO 81605 --- [order-service] [           main] fkaConsumerFactory$ExtendedKafkaConsumer : [Consumer clientId=consumer-order-service-3, groupId=order-service] Subscribed to topic(s): velora.payment.failed.topic
2026-04-22T21:39:30.321+07:00  INFO 81605 --- [order-service] [           main] c.e.o.OrderServiceApplication            : Started OrderServiceApplication in 3.589 seconds (process running for 3.86)
2026-04-22T21:39:30.448+07:00  INFO 81605 --- [order-service] [ntainer#0-0-C-1] org.apache.kafka.clients.Metadata        : [Consumer clientId=consumer-order-service-2, groupId=order-service] Cluster ID: NaeYGMN1Q7CXolG6VdH_gA
2026-04-22T21:39:30.448+07:00  INFO 81605 --- [order-service] [ntainer#1-0-C-1] org.apache.kafka.clients.Metadata        : [Consumer clientId=consumer-order-service-3, groupId=order-service] Cluster ID: NaeYGMN1Q7CXolG6VdH_gA
2026-04-22T21:39:30.448+07:00  INFO 81605 --- [order-service] [ntainer#2-0-C-1] org.apache.kafka.clients.Metadata        : [Consumer clientId=consumer-order-service-1, groupId=order-service] Cluster ID: NaeYGMN1Q7CXolG6VdH_gA
2026-04-22T21:39:30.449+07:00  INFO 81605 --- [order-service] [ntainer#1-0-C-1] o.a.k.c.c.internals.ConsumerCoordinator  : [Consumer clientId=consumer-order-service-3, groupId=order-service] Discovered group coordinator localhost:9092 (id: 2147483646 rack: null)
2026-04-22T21:39:30.449+07:00  INFO 81605 --- [order-service] [ntainer#2-0-C-1] o.a.k.c.c.internals.ConsumerCoordinator  : [Consumer clientId=consumer-order-service-1, groupId=order-service] Discovered group coordinator localhost:9092 (id: 2147483646 rack: null)
2026-04-22T21:39:30.449+07:00  INFO 81605 --- [order-service] [ntainer#0-0-C-1] o.a.k.c.c.internals.ConsumerCoordinator  : [Consumer clientId=consumer-order-service-2, groupId=order-service] Discovered group coordinator localhost:9092 (id: 2147483646 rack: null)
2026-04-22T21:39:30.450+07:00  INFO 81605 --- [order-service] [ntainer#0-0-C-1] o.a.k.c.c.internals.ConsumerCoordinator  : [Consumer clientId=consumer-order-service-2, groupId=order-service] (Re-)joining group
2026-04-22T21:39:30.450+07:00  INFO 81605 --- [order-service] [ntainer#1-0-C-1] o.a.k.c.c.internals.ConsumerCoordinator  : [Consumer clientId=consumer-order-service-3, groupId=order-service] (Re-)joining group
2026-04-22T21:39:30.450+07:00  INFO 81605 --- [order-service] [ntainer#2-0-C-1] o.a.k.c.c.internals.ConsumerCoordinator  : [Consumer clientId=consumer-order-service-1, groupId=order-service] (Re-)joining group
2026-04-22T21:39:30.459+07:00  INFO 81605 --- [order-service] [ntainer#2-0-C-1] o.a.k.c.c.internals.ConsumerCoordinator  : [Consumer clientId=consumer-order-service-1, groupId=order-service] Request joining group due to: need to re-join with the given member-id: consumer-order-service-1-a98d19f9-ec34-4b5d-bb3a-7c15db4b1888
2026-04-22T21:39:30.459+07:00  INFO 81605 --- [order-service] [ntainer#0-0-C-1] o.a.k.c.c.internals.ConsumerCoordinator  : [Consumer clientId=consumer-order-service-2, groupId=order-service] Request joining group due to: need to re-join with the given member-id: consumer-order-service-2-3341269a-bb3b-412d-9a1c-b909d0b19982
2026-04-22T21:39:30.459+07:00  INFO 81605 --- [order-service] [ntainer#1-0-C-1] o.a.k.c.c.internals.ConsumerCoordinator  : [Consumer clientId=consumer-order-service-3, groupId=order-service] Request joining group due to: need to re-join with the given member-id: consumer-order-service-3-63d1d09c-6d53-4a79-800c-df097f01269f
2026-04-22T21:39:30.459+07:00  INFO 81605 --- [order-service] [ntainer#2-0-C-1] o.a.k.c.c.internals.ConsumerCoordinator  : [Consumer clientId=consumer-order-service-1, groupId=order-service] Request joining group due to: rebalance failed due to 'The group member needs to have a valid member id before actually entering a consumer group.' (MemberIdRequiredException)
2026-04-22T21:39:30.459+07:00  INFO 81605 --- [order-service] [ntainer#0-0-C-1] o.a.k.c.c.internals.ConsumerCoordinator  : [Consumer clientId=consumer-order-service-2, groupId=order-service] Request joining group due to: rebalance failed due to 'The group member needs to have a valid member id before actually entering a consumer group.' (MemberIdRequiredException)
2026-04-22T21:39:30.459+07:00  INFO 81605 --- [order-service] [ntainer#2-0-C-1] o.a.k.c.c.internals.ConsumerCoordinator  : [Consumer clientId=consumer-order-service-1, groupId=order-service] (Re-)joining group
2026-04-22T21:39:30.459+07:00  INFO 81605 --- [order-service] [ntainer#1-0-C-1] o.a.k.c.c.internals.ConsumerCoordinator  : [Consumer clientId=consumer-order-service-3, groupId=order-service] Request joining group due to: rebalance failed due to 'The group member needs to have a valid member id before actually entering a consumer group.' (MemberIdRequiredException)
2026-04-22T21:39:30.459+07:00  INFO 81605 --- [order-service] [ntainer#1-0-C-1] o.a.k.c.c.internals.ConsumerCoordinator  : [Consumer clientId=consumer-order-service-3, groupId=order-service] (Re-)joining group
2026-04-22T21:39:30.459+07:00  INFO 81605 --- [order-service] [ntainer#0-0-C-1] o.a.k.c.c.internals.ConsumerCoordinator  : [Consumer clientId=consumer-order-service-2, groupId=order-service] (Re-)joining group
2026-04-22T21:39:30.524+07:00  INFO 81605 --- [order-service] [nio-8083-exec-1] o.a.c.c.C.[Tomcat].[localhost].[/]       : Initializing Spring DispatcherServlet 'dispatcherServlet'
2026-04-22T21:39:30.524+07:00  INFO 81605 --- [order-service] [nio-8083-exec-1] o.s.web.servlet.DispatcherServlet        : Initializing Servlet 'dispatcherServlet'
2026-04-22T21:39:30.525+07:00  INFO 81605 --- [order-service] [nio-8083-exec-1] o.s.web.servlet.DispatcherServlet        : Completed initialization in 1 ms
2026-04-22T21:39:30.818+07:00  WARN 81605 --- [order-service] [nio-8083-exec-9] o.s.core.service.GenericResponseService  : Json Processing Exception occurred: additionalProperties must be either a Boolean or a Schema instance
 at [Source: (String)"{"400":{"description":"Bad Request","headers":null,"content":{"*/*":{"schema":{"title":null,"multipleOf":null,"maximum":null,"exclusiveMaximum":null,"minimum":null,"exclusiveMinimum":null,"maxLength":null,"minLength":null,"pattern":null,"maxItems":null,"minItems":null,"uniqueItems":null,"maxProperties":null,"minProperties":null,"required":null,"type":"object","not":null,"properties":null,"additionalProperties":{"title":null,"multipleOf":null,"maximum":null,"exclusiveMaximum":null,"minimum":null,"[truncated 2215 chars]; line: 1, column: 1664] (through reference chain: io.swagger.v3.oas.models.responses.ApiResponses["400"]->io.swagger.v3.oas.models.responses.ApiResponse["content"]->io.swagger.v3.oas.models.media.Content["*/*"]->io.swagger.v3.oas.models.media.MediaType["schema"]->io.swagger.v3.oas.models.media.Schema["additionalProperties"])
2026-04-22T21:39:30.830+07:00  WARN 81605 --- [order-service] [nio-8083-exec-9] o.s.core.service.GenericResponseService  : Json Processing Exception occurred: additionalProperties must be either a Boolean or a Schema instance
 at [Source: (String)"{"400":{"description":"Bad Request","headers":null,"content":{"*/*":{"schema":{"title":null,"multipleOf":null,"maximum":null,"exclusiveMaximum":null,"minimum":null,"exclusiveMinimum":null,"maxLength":null,"minLength":null,"pattern":null,"maxItems":null,"minItems":null,"uniqueItems":null,"maxProperties":null,"minProperties":null,"required":null,"type":"object","not":null,"properties":null,"additionalProperties":{"title":null,"multipleOf":null,"maximum":null,"exclusiveMaximum":null,"minimum":null,"[truncated 2215 chars]; line: 1, column: 1664] (through reference chain: io.swagger.v3.oas.models.responses.ApiResponses["400"]->io.swagger.v3.oas.models.responses.ApiResponse["content"]->io.swagger.v3.oas.models.media.Content["*/*"]->io.swagger.v3.oas.models.media.MediaType["schema"]->io.swagger.v3.oas.models.media.Schema["additionalProperties"])
2026-04-22T21:39:30.845+07:00  INFO 81605 --- [order-service] [nio-8083-exec-9] o.springdoc.api.AbstractOpenApiResource  : Init duration for springdoc-openapi is: 165 ms
2026-04-22T21:39:33.463+07:00  INFO 81605 --- [order-service] [ntainer#2-0-C-1] o.a.k.c.c.internals.ConsumerCoordinator  : [Consumer clientId=consumer-order-service-1, groupId=order-service] Successfully joined group with generation Generation{generationId=5, memberId='consumer-order-service-1-a98d19f9-ec34-4b5d-bb3a-7c15db4b1888', protocol='range'}
2026-04-22T21:39:33.463+07:00  INFO 81605 --- [order-service] [ntainer#0-0-C-1] o.a.k.c.c.internals.ConsumerCoordinator  : [Consumer clientId=consumer-order-service-2, groupId=order-service] Successfully joined group with generation Generation{generationId=5, memberId='consumer-order-service-2-3341269a-bb3b-412d-9a1c-b909d0b19982', protocol='range'}
2026-04-22T21:39:33.463+07:00  INFO 81605 --- [order-service] [ntainer#1-0-C-1] o.a.k.c.c.internals.ConsumerCoordinator  : [Consumer clientId=consumer-order-service-3, groupId=order-service] Successfully joined group with generation Generation{generationId=5, memberId='consumer-order-service-3-63d1d09c-6d53-4a79-800c-df097f01269f', protocol='range'}
2026-04-22T21:39:33.471+07:00  INFO 81605 --- [order-service] [ntainer#2-0-C-1] o.a.k.c.c.internals.ConsumerCoordinator  : [Consumer clientId=consumer-order-service-1, groupId=order-service] Finished assignment for group at generation 5: {consumer-order-service-1-a98d19f9-ec34-4b5d-bb3a-7c15db4b1888=Assignment(partitions=[velora.shipment.created.topic-0]), consumer-order-service-2-3341269a-bb3b-412d-9a1c-b909d0b19982=Assignment(partitions=[velora.payment.success.topic-0]), consumer-order-service-3-63d1d09c-6d53-4a79-800c-df097f01269f=Assignment(partitions=[velora.payment.failed.topic-0])}
2026-04-22T21:39:33.475+07:00  INFO 81605 --- [order-service] [ntainer#1-0-C-1] o.a.k.c.c.internals.ConsumerCoordinator  : [Consumer clientId=consumer-order-service-3, groupId=order-service] Successfully synced group in generation Generation{generationId=5, memberId='consumer-order-service-3-63d1d09c-6d53-4a79-800c-df097f01269f', protocol='range'}
2026-04-22T21:39:33.475+07:00  INFO 81605 --- [order-service] [ntainer#0-0-C-1] o.a.k.c.c.internals.ConsumerCoordinator  : [Consumer clientId=consumer-order-service-2, groupId=order-service] Successfully synced group in generation Generation{generationId=5, memberId='consumer-order-service-2-3341269a-bb3b-412d-9a1c-b909d0b19982', protocol='range'}
2026-04-22T21:39:33.475+07:00  INFO 81605 --- [order-service] [ntainer#2-0-C-1] o.a.k.c.c.internals.ConsumerCoordinator  : [Consumer clientId=consumer-order-service-1, groupId=order-service] Successfully synced group in generation Generation{generationId=5, memberId='consumer-order-service-1-a98d19f9-ec34-4b5d-bb3a-7c15db4b1888', protocol='range'}
2026-04-22T21:39:33.475+07:00  INFO 81605 --- [order-service] [ntainer#1-0-C-1] o.a.k.c.c.internals.ConsumerCoordinator  : [Consumer clientId=consumer-order-service-3, groupId=order-service] Notifying assignor about the new Assignment(partitions=[velora.payment.failed.topic-0])
2026-04-22T21:39:33.475+07:00  INFO 81605 --- [order-service] [ntainer#2-0-C-1] o.a.k.c.c.internals.ConsumerCoordinator  : [Consumer clientId=consumer-order-service-1, groupId=order-service] Notifying assignor about the new Assignment(partitions=[velora.shipment.created.topic-0])
2026-04-22T21:39:33.475+07:00  INFO 81605 --- [order-service] [ntainer#0-0-C-1] o.a.k.c.c.internals.ConsumerCoordinator  : [Consumer clientId=consumer-order-service-2, groupId=order-service] Notifying assignor about the new Assignment(partitions=[velora.payment.success.topic-0])
2026-04-22T21:39:33.476+07:00  INFO 81605 --- [order-service] [ntainer#0-0-C-1] o.a.k.c.c.internals.ConsumerCoordinator  : [Consumer clientId=consumer-order-service-2, groupId=order-service] Adding newly assigned partitions: velora.payment.success.topic-0
2026-04-22T21:39:33.476+07:00  INFO 81605 --- [order-service] [ntainer#1-0-C-1] o.a.k.c.c.internals.ConsumerCoordinator  : [Consumer clientId=consumer-order-service-3, groupId=order-service] Adding newly assigned partitions: velora.payment.failed.topic-0
2026-04-22T21:39:33.476+07:00  INFO 81605 --- [order-service] [ntainer#2-0-C-1] o.a.k.c.c.internals.ConsumerCoordinator  : [Consumer clientId=consumer-order-service-1, groupId=order-service] Adding newly assigned partitions: velora.shipment.created.topic-0
2026-04-22T21:39:33.480+07:00  INFO 81605 --- [order-service] [ntainer#1-0-C-1] o.a.k.c.c.internals.ConsumerCoordinator  : [Consumer clientId=consumer-order-service-3, groupId=order-service] Found no committed offset for partition velora.payment.failed.topic-0
2026-04-22T21:39:33.481+07:00  INFO 81605 --- [order-service] [ntainer#2-0-C-1] o.a.k.c.c.internals.ConsumerCoordinator  : [Consumer clientId=consumer-order-service-1, groupId=order-service] Setting offset for partition velora.shipment.created.topic-0 to the committed offset FetchPosition{offset=2, offsetEpoch=Optional.empty, currentLeader=LeaderAndEpoch{leader=Optional[localhost:9092 (id: 1 rack: null)], epoch=0}}
2026-04-22T21:39:33.481+07:00  INFO 81605 --- [order-service] [ntainer#0-0-C-1] o.a.k.c.c.internals.ConsumerCoordinator  : [Consumer clientId=consumer-order-service-2, groupId=order-service] Setting offset for partition velora.payment.success.topic-0 to the committed offset FetchPosition{offset=2, offsetEpoch=Optional.empty, currentLeader=LeaderAndEpoch{leader=Optional[localhost:9092 (id: 1 rack: null)], epoch=0}}
2026-04-22T21:39:33.482+07:00  INFO 81605 --- [order-service] [ntainer#2-0-C-1] o.s.k.l.KafkaMessageListenerContainer    : order-service: partitions assigned: [velora.shipment.created.topic-0]
2026-04-22T21:39:33.482+07:00  INFO 81605 --- [order-service] [ntainer#0-0-C-1] o.s.k.l.KafkaMessageListenerContainer    : order-service: partitions assigned: [velora.payment.success.topic-0]
2026-04-22T21:39:33.486+07:00  INFO 81605 --- [order-service] [ntainer#1-0-C-1] o.a.k.c.c.internals.SubscriptionState    : [Consumer clientId=consumer-order-service-3, groupId=order-service] Resetting offset for partition velora.payment.failed.topic-0 to position FetchPosition{offset=0, offsetEpoch=Optional.empty, currentLeader=LeaderAndEpoch{leader=Optional[localhost:9092 (id: 1 rack: null)], epoch=0}}.
2026-04-22T21:39:33.486+07:00  INFO 81605 --- [order-service] [ntainer#1-0-C-1] o.s.k.l.KafkaMessageListenerContainer    : order-service: partitions assigned: [velora.payment.failed.topic-0]
