[INFO] Scanning for projects...
[INFO] 
[INFO] --------------------< com.example:payment-service >---------------------
[INFO] Building payment-service 0.0.1-SNAPSHOT
[INFO]   from pom.xml
[INFO] --------------------------------[ jar ]---------------------------------
[INFO] 
[INFO] --- clean:3.3.2:clean (default-clean) @ payment-service ---
[INFO] Deleting /Users/lfrd/Documents/velora-system/payment-service/target
[INFO] 
[INFO] >>> spring-boot:3.2.5:run (default-cli) > test-compile @ payment-service >>>
[INFO] 
[INFO] --- resources:3.3.1:resources (default-resources) @ payment-service ---
[INFO] Copying 1 resource from src/main/resources to target/classes
[INFO] Copying 0 resource from src/main/resources to target/classes
[INFO] 
[INFO] --- compiler:3.11.0:compile (default-compile) @ payment-service ---
[INFO] Changes detected - recompiling the module! :source
[INFO] Compiling 14 source files with javac [debug release 17] to target/classes
[INFO] 
[INFO] --- resources:3.3.1:testResources (default-testResources) @ payment-service ---
[INFO] skip non existing resourceDirectory /Users/lfrd/Documents/velora-system/payment-service/src/test/resources
[INFO] 
[INFO] --- compiler:3.11.0:testCompile (default-testCompile) @ payment-service ---
[INFO] No sources to compile
[INFO] 
[INFO] <<< spring-boot:3.2.5:run (default-cli) < test-compile @ payment-service <<<
[INFO] 
[INFO] 
[INFO] --- spring-boot:3.2.5:run (default-cli) @ payment-service ---
[INFO] Attaching agents: []

  .   ____          _            __ _ _
 /\\ / ___'_ __ _ _(_)_ __  __ _ \ \ \ \
( ( )\___ | '_ | '_| | '_ \/ _` | \ \ \ \
 \\/  ___)| |_)| | | | | || (_| |  ) ) ) )
  '  |____| .__|_| |_|_| |_\__, | / / / /
 =========|_|==============|___/=/_/_/_/
 :: Spring Boot ::                (v3.2.5)

2026-04-22T21:39:27.299+07:00  INFO 81608 --- [payment-service] [           main] c.e.p.PaymentServiceApplication          : Starting PaymentServiceApplication using Java 25.0.2 with PID 81608 (/Users/lfrd/Documents/velora-system/payment-service/target/classes started by lfrd in /Users/lfrd/Documents/velora-system/payment-service)
2026-04-22T21:39:27.300+07:00  INFO 81608 --- [payment-service] [           main] c.e.p.PaymentServiceApplication          : No active profile set, falling back to 1 default profile: "default"
2026-04-22T21:39:27.925+07:00  INFO 81608 --- [payment-service] [           main] .s.d.r.c.RepositoryConfigurationDelegate : Bootstrapping Spring Data JPA repositories in DEFAULT mode.
2026-04-22T21:39:27.950+07:00  INFO 81608 --- [payment-service] [           main] .s.d.r.c.RepositoryConfigurationDelegate : Finished Spring Data repository scanning in 22 ms. Found 1 JPA repository interface.
WARNING: A restricted method in java.lang.System has been called
WARNING: java.lang.System::load has been called by org.apache.tomcat.jni.Library in an unnamed module (file:/Users/lfrd/.m2/repository/org/apache/tomcat/embed/tomcat-embed-core/10.1.20/tomcat-embed-core-10.1.20.jar)
WARNING: Use --enable-native-access=ALL-UNNAMED to avoid a warning for callers in this module
WARNING: Restricted methods will be blocked in a future release unless native access is enabled

2026-04-22T21:39:28.366+07:00  INFO 81608 --- [payment-service] [           main] o.s.b.w.embedded.tomcat.TomcatWebServer  : Tomcat initialized with port 8084 (http)
2026-04-22T21:39:28.372+07:00  INFO 81608 --- [payment-service] [           main] o.apache.catalina.core.StandardService   : Starting service [Tomcat]
2026-04-22T21:39:28.372+07:00  INFO 81608 --- [payment-service] [           main] o.apache.catalina.core.StandardEngine    : Starting Servlet engine: [Apache Tomcat/10.1.20]
2026-04-22T21:39:28.401+07:00  INFO 81608 --- [payment-service] [           main] o.a.c.c.C.[Tomcat].[localhost].[/]       : Initializing Spring embedded WebApplicationContext
2026-04-22T21:39:28.401+07:00  INFO 81608 --- [payment-service] [           main] w.s.c.ServletWebServerApplicationContext : Root WebApplicationContext: initialization completed in 1043 ms
2026-04-22T21:39:28.574+07:00  INFO 81608 --- [payment-service] [           main] o.hibernate.jpa.internal.util.LogHelper  : HHH000204: Processing PersistenceUnitInfo [name: default]
2026-04-22T21:39:28.599+07:00  INFO 81608 --- [payment-service] [           main] org.hibernate.Version                    : HHH000412: Hibernate ORM core version 6.4.4.Final
2026-04-22T21:39:28.614+07:00  INFO 81608 --- [payment-service] [           main] o.h.c.internal.RegionFactoryInitiator    : HHH000026: Second-level cache disabled
2026-04-22T21:39:28.732+07:00  INFO 81608 --- [payment-service] [           main] o.s.o.j.p.SpringPersistenceUnitInfo      : No LoadTimeWeaver setup: ignoring JPA class transformer
2026-04-22T21:39:28.744+07:00  INFO 81608 --- [payment-service] [           main] com.zaxxer.hikari.HikariDataSource       : HikariPool-1 - Starting...
2026-04-22T21:39:28.979+07:00  INFO 81608 --- [payment-service] [           main] com.zaxxer.hikari.pool.HikariPool        : HikariPool-1 - Added connection com.mysql.cj.jdbc.ConnectionImpl@45d38165
2026-04-22T21:39:28.980+07:00  INFO 81608 --- [payment-service] [           main] com.zaxxer.hikari.HikariDataSource       : HikariPool-1 - Start completed.
2026-04-22T21:39:29.544+07:00  INFO 81608 --- [payment-service] [           main] o.h.e.t.j.p.i.JtaPlatformInitiator       : HHH000489: No JTA platform available (set 'hibernate.transaction.jta.platform' to enable JTA platform integration)
2026-04-22T21:39:29.588+07:00  INFO 81608 --- [payment-service] [           main] j.LocalContainerEntityManagerFactoryBean : Initialized JPA EntityManagerFactory for persistence unit 'default'
2026-04-22T21:39:29.933+07:00  WARN 81608 --- [payment-service] [           main] JpaBaseConfiguration$JpaWebConfiguration : spring.jpa.open-in-view is enabled by default. Therefore, database queries may be performed during view rendering. Explicitly configure spring.jpa.open-in-view to disable this warning
2026-04-22T21:39:30.373+07:00  INFO 81608 --- [payment-service] [           main] o.s.b.a.e.web.EndpointLinksResolver      : Exposing 2 endpoint(s) beneath base path '/actuator'
2026-04-22T21:39:30.441+07:00  INFO 81608 --- [payment-service] [           main] o.s.b.w.embedded.tomcat.TomcatWebServer  : Tomcat started on port 8084 (http) with context path ''
2026-04-22T21:39:30.465+07:00  INFO 81608 --- [payment-service] [           main] o.a.k.clients.consumer.ConsumerConfig    : ConsumerConfig values: 
	allow.auto.create.topics = true
	auto.commit.interval.ms = 5000
	auto.include.jmx.reporter = true
	auto.offset.reset = earliest
	bootstrap.servers = [localhost:9092]
	check.crcs = true
	client.dns.lookup = use_all_dns_ips
	client.id = consumer-payment-service-1
	client.rack = 
	connections.max.idle.ms = 540000
	default.api.timeout.ms = 60000
	enable.auto.commit = false
	exclude.internal.topics = true
	fetch.max.bytes = 52428800
	fetch.max.wait.ms = 500
	fetch.min.bytes = 1
	group.id = payment-service
	group.instance.id = null
	heartbeat.interval.ms = 3000
	interceptor.classes = []
	internal.leave.group.on.close = true
	internal.throw.on.fetch.stable.offset.unsupported = false
	isolation.level = read_uncommitted
	key.deserializer = class org.apache.kafka.common.serialization.StringDeserializer
	max.partition.fetch.bytes = 1048576
	max.poll.interval.ms = 300000
	max.poll.records = 500
	metadata.max.age.ms = 300000
	metric.reporters = []
	metrics.num.samples = 2
	metrics.recording.level = INFO
	metrics.sample.window.ms = 30000
	partition.assignment.strategy = [class org.apache.kafka.clients.consumer.RangeAssignor, class org.apache.kafka.clients.consumer.CooperativeStickyAssignor]
	receive.buffer.bytes = 65536
	reconnect.backoff.max.ms = 1000
	reconnect.backoff.ms = 50
	request.timeout.ms = 30000
	retry.backoff.ms = 100
	sasl.client.callback.handler.class = null
	sasl.jaas.config = null
	sasl.kerberos.kinit.cmd = /usr/bin/kinit
	sasl.kerberos.min.time.before.relogin = 60000
	sasl.kerberos.service.name = null
	sasl.kerberos.ticket.renew.jitter = 0.05
	sasl.kerberos.ticket.renew.window.factor = 0.8
	sasl.login.callback.handler.class = null
	sasl.login.class = null
	sasl.login.connect.timeout.ms = null
	sasl.login.read.timeout.ms = null
	sasl.login.refresh.buffer.seconds = 300
	sasl.login.refresh.min.period.seconds = 60
	sasl.login.refresh.window.factor = 0.8
	sasl.login.refresh.window.jitter = 0.05
	sasl.login.retry.backoff.max.ms = 10000
	sasl.login.retry.backoff.ms = 100
	sasl.mechanism = GSSAPI
	sasl.oauthbearer.clock.skew.seconds = 30
	sasl.oauthbearer.expected.audience = null
	sasl.oauthbearer.expected.issuer = null
	sasl.oauthbearer.jwks.endpoint.refresh.ms = 3600000
	sasl.oauthbearer.jwks.endpoint.retry.backoff.max.ms = 10000
	sasl.oauthbearer.jwks.endpoint.retry.backoff.ms = 100
	sasl.oauthbearer.jwks.endpoint.url = null
	sasl.oauthbearer.scope.claim.name = scope
	sasl.oauthbearer.sub.claim.name = sub
	sasl.oauthbearer.token.endpoint.url = null
	security.protocol = PLAINTEXT
	security.providers = null
	send.buffer.bytes = 131072
	session.timeout.ms = 45000
	socket.connection.setup.timeout.max.ms = 30000
	socket.connection.setup.timeout.ms = 10000
	ssl.cipher.suites = null
	ssl.enabled.protocols = [TLSv1.2, TLSv1.3]
	ssl.endpoint.identification.algorithm = https
	ssl.engine.factory.class = null
	ssl.key.password = null
	ssl.keymanager.algorithm = SunX509
	ssl.keystore.certificate.chain = null
	ssl.keystore.key = null
	ssl.keystore.location = null
	ssl.keystore.password = null
	ssl.keystore.type = JKS
	ssl.protocol = TLSv1.3
	ssl.provider = null
	ssl.secure.random.implementation = null
	ssl.trustmanager.algorithm = PKIX
	ssl.truststore.certificates = null
	ssl.truststore.location = null
	ssl.truststore.password = null
	ssl.truststore.type = JKS
	value.deserializer = class org.apache.kafka.common.serialization.ByteArrayDeserializer

2026-04-22T21:39:30.543+07:00  INFO 81608 --- [payment-service] [           main] o.a.k.clients.consumer.ConsumerConfig    : These configurations '[spring.json.trusted.packages]' were supplied but are not used yet.
2026-04-22T21:39:30.544+07:00  INFO 81608 --- [payment-service] [           main] o.a.kafka.common.utils.AppInfoParser     : Kafka version: 3.6.2
2026-04-22T21:39:30.544+07:00  INFO 81608 --- [payment-service] [           main] o.a.kafka.common.utils.AppInfoParser     : Kafka commitId: c4deed513057c94e
2026-04-22T21:39:30.544+07:00  INFO 81608 --- [payment-service] [           main] o.a.kafka.common.utils.AppInfoParser     : Kafka startTimeMs: 1776868770543
2026-04-22T21:39:30.550+07:00  INFO 81608 --- [payment-service] [           main] fkaConsumerFactory$ExtendedKafkaConsumer : [Consumer clientId=consumer-payment-service-1, groupId=payment-service] Subscribed to topic(s): velora.order.topic
2026-04-22T21:39:30.555+07:00  INFO 81608 --- [payment-service] [           main] o.a.k.clients.consumer.ConsumerConfig    : ConsumerConfig values: 
	allow.auto.create.topics = true
	auto.commit.interval.ms = 5000
	auto.include.jmx.reporter = true
	auto.offset.reset = earliest
	bootstrap.servers = [localhost:9092]
	check.crcs = true
	client.dns.lookup = use_all_dns_ips
	client.id = consumer-payment-service-2
	client.rack = 
	connections.max.idle.ms = 540000
	default.api.timeout.ms = 60000
	enable.auto.commit = false
	exclude.internal.topics = true
	fetch.max.bytes = 52428800
	fetch.max.wait.ms = 500
	fetch.min.bytes = 1
	group.id = payment-service
	group.instance.id = null
	heartbeat.interval.ms = 3000
	interceptor.classes = []
	internal.leave.group.on.close = true
	internal.throw.on.fetch.stable.offset.unsupported = false
	isolation.level = read_uncommitted
	key.deserializer = class org.apache.kafka.common.serialization.StringDeserializer
	max.partition.fetch.bytes = 1048576
	max.poll.interval.ms = 300000
	max.poll.records = 500
	metadata.max.age.ms = 300000
	metric.reporters = []
	metrics.num.samples = 2
	metrics.recording.level = INFO
	metrics.sample.window.ms = 30000
	partition.assignment.strategy = [class org.apache.kafka.clients.consumer.RangeAssignor, class org.apache.kafka.clients.consumer.CooperativeStickyAssignor]
	receive.buffer.bytes = 65536
	reconnect.backoff.max.ms = 1000
	reconnect.backoff.ms = 50
	request.timeout.ms = 30000
	retry.backoff.ms = 100
	sasl.client.callback.handler.class = null
	sasl.jaas.config = null
	sasl.kerberos.kinit.cmd = /usr/bin/kinit
	sasl.kerberos.min.time.before.relogin = 60000
	sasl.kerberos.service.name = null
	sasl.kerberos.ticket.renew.jitter = 0.05
	sasl.kerberos.ticket.renew.window.factor = 0.8
	sasl.login.callback.handler.class = null
	sasl.login.class = null
	sasl.login.connect.timeout.ms = null
	sasl.login.read.timeout.ms = null
	sasl.login.refresh.buffer.seconds = 300
	sasl.login.refresh.min.period.seconds = 60
	sasl.login.refresh.window.factor = 0.8
	sasl.login.refresh.window.jitter = 0.05
	sasl.login.retry.backoff.max.ms = 10000
	sasl.login.retry.backoff.ms = 100
	sasl.mechanism = GSSAPI
	sasl.oauthbearer.clock.skew.seconds = 30
	sasl.oauthbearer.expected.audience = null
	sasl.oauthbearer.expected.issuer = null
	sasl.oauthbearer.jwks.endpoint.refresh.ms = 3600000
	sasl.oauthbearer.jwks.endpoint.retry.backoff.max.ms = 10000
	sasl.oauthbearer.jwks.endpoint.retry.backoff.ms = 100
	sasl.oauthbearer.jwks.endpoint.url = null
	sasl.oauthbearer.scope.claim.name = scope
	sasl.oauthbearer.sub.claim.name = sub
	sasl.oauthbearer.token.endpoint.url = null
	security.protocol = PLAINTEXT
	security.providers = null
	send.buffer.bytes = 131072
	session.timeout.ms = 45000
	socket.connection.setup.timeout.max.ms = 30000
	socket.connection.setup.timeout.ms = 10000
	ssl.cipher.suites = null
	ssl.enabled.protocols = [TLSv1.2, TLSv1.3]
	ssl.endpoint.identification.algorithm = https
	ssl.engine.factory.class = null
	ssl.key.password = null
	ssl.keymanager.algorithm = SunX509
	ssl.keystore.certificate.chain = null
	ssl.keystore.key = null
	ssl.keystore.location = null
	ssl.keystore.password = null
	ssl.keystore.type = JKS
	ssl.protocol = TLSv1.3
	ssl.provider = null
	ssl.secure.random.implementation = null
	ssl.trustmanager.algorithm = PKIX
	ssl.truststore.certificates = null
	ssl.truststore.location = null
	ssl.truststore.password = null
	ssl.truststore.type = JKS
	value.deserializer = class org.apache.kafka.common.serialization.ByteArrayDeserializer

2026-04-22T21:39:30.559+07:00  INFO 81608 --- [payment-service] [           main] o.a.k.clients.consumer.ConsumerConfig    : These configurations '[spring.json.trusted.packages]' were supplied but are not used yet.
2026-04-22T21:39:30.559+07:00  INFO 81608 --- [payment-service] [           main] o.a.kafka.common.utils.AppInfoParser     : Kafka version: 3.6.2
2026-04-22T21:39:30.559+07:00  INFO 81608 --- [payment-service] [           main] o.a.kafka.common.utils.AppInfoParser     : Kafka commitId: c4deed513057c94e
2026-04-22T21:39:30.559+07:00  INFO 81608 --- [payment-service] [           main] o.a.kafka.common.utils.AppInfoParser     : Kafka startTimeMs: 1776868770559
2026-04-22T21:39:30.562+07:00  INFO 81608 --- [payment-service] [           main] fkaConsumerFactory$ExtendedKafkaConsumer : [Consumer clientId=consumer-payment-service-2, groupId=payment-service] Subscribed to topic(s): payment.order.created.dlq
2026-04-22T21:39:30.583+07:00  INFO 81608 --- [payment-service] [           main] c.e.p.PaymentServiceApplication          : Started PaymentServiceApplication in 3.542 seconds (process running for 3.753)
2026-04-22T21:39:30.707+07:00  INFO 81608 --- [payment-service] [ntainer#1-0-C-1] org.apache.kafka.clients.Metadata        : [Consumer clientId=consumer-payment-service-2, groupId=payment-service] Cluster ID: NaeYGMN1Q7CXolG6VdH_gA
2026-04-22T21:39:30.707+07:00  INFO 81608 --- [payment-service] [ntainer#0-0-C-1] org.apache.kafka.clients.Metadata        : [Consumer clientId=consumer-payment-service-1, groupId=payment-service] Cluster ID: NaeYGMN1Q7CXolG6VdH_gA
2026-04-22T21:39:30.708+07:00  INFO 81608 --- [payment-service] [ntainer#1-0-C-1] o.a.k.c.c.internals.ConsumerCoordinator  : [Consumer clientId=consumer-payment-service-2, groupId=payment-service] Discovered group coordinator localhost:9092 (id: 2147483646 rack: null)
2026-04-22T21:39:30.708+07:00  INFO 81608 --- [payment-service] [ntainer#0-0-C-1] o.a.k.c.c.internals.ConsumerCoordinator  : [Consumer clientId=consumer-payment-service-1, groupId=payment-service] Discovered group coordinator localhost:9092 (id: 2147483646 rack: null)
2026-04-22T21:39:30.709+07:00  INFO 81608 --- [payment-service] [ntainer#1-0-C-1] o.a.k.c.c.internals.ConsumerCoordinator  : [Consumer clientId=consumer-payment-service-2, groupId=payment-service] (Re-)joining group
2026-04-22T21:39:30.709+07:00  INFO 81608 --- [payment-service] [ntainer#0-0-C-1] o.a.k.c.c.internals.ConsumerCoordinator  : [Consumer clientId=consumer-payment-service-1, groupId=payment-service] (Re-)joining group
2026-04-22T21:39:30.720+07:00  INFO 81608 --- [payment-service] [ntainer#1-0-C-1] o.a.k.c.c.internals.ConsumerCoordinator  : [Consumer clientId=consumer-payment-service-2, groupId=payment-service] Request joining group due to: need to re-join with the given member-id: consumer-payment-service-2-b8859daa-75bc-4a2f-83e3-db64fec8ee37
2026-04-22T21:39:30.720+07:00  INFO 81608 --- [payment-service] [ntainer#0-0-C-1] o.a.k.c.c.internals.ConsumerCoordinator  : [Consumer clientId=consumer-payment-service-1, groupId=payment-service] Request joining group due to: need to re-join with the given member-id: consumer-payment-service-1-7a9220da-6452-4c6f-9ee4-6af9bb3a566b
2026-04-22T21:39:30.720+07:00  INFO 81608 --- [payment-service] [ntainer#1-0-C-1] o.a.k.c.c.internals.ConsumerCoordinator  : [Consumer clientId=consumer-payment-service-2, groupId=payment-service] Request joining group due to: rebalance failed due to 'The group member needs to have a valid member id before actually entering a consumer group.' (MemberIdRequiredException)
2026-04-22T21:39:30.720+07:00  INFO 81608 --- [payment-service] [ntainer#1-0-C-1] o.a.k.c.c.internals.ConsumerCoordinator  : [Consumer clientId=consumer-payment-service-2, groupId=payment-service] (Re-)joining group
2026-04-22T21:39:30.720+07:00  INFO 81608 --- [payment-service] [ntainer#0-0-C-1] o.a.k.c.c.internals.ConsumerCoordinator  : [Consumer clientId=consumer-payment-service-1, groupId=payment-service] Request joining group due to: rebalance failed due to 'The group member needs to have a valid member id before actually entering a consumer group.' (MemberIdRequiredException)
2026-04-22T21:39:30.721+07:00  INFO 81608 --- [payment-service] [ntainer#0-0-C-1] o.a.k.c.c.internals.ConsumerCoordinator  : [Consumer clientId=consumer-payment-service-1, groupId=payment-service] (Re-)joining group
2026-04-22T21:39:33.727+07:00  INFO 81608 --- [payment-service] [ntainer#1-0-C-1] o.a.k.c.c.internals.ConsumerCoordinator  : [Consumer clientId=consumer-payment-service-2, groupId=payment-service] Successfully joined group with generation Generation{generationId=5, memberId='consumer-payment-service-2-b8859daa-75bc-4a2f-83e3-db64fec8ee37', protocol='range'}
2026-04-22T21:39:33.727+07:00  INFO 81608 --- [payment-service] [ntainer#0-0-C-1] o.a.k.c.c.internals.ConsumerCoordinator  : [Consumer clientId=consumer-payment-service-1, groupId=payment-service] Successfully joined group with generation Generation{generationId=5, memberId='consumer-payment-service-1-7a9220da-6452-4c6f-9ee4-6af9bb3a566b', protocol='range'}
2026-04-22T21:39:33.741+07:00  INFO 81608 --- [payment-service] [ntainer#1-0-C-1] o.a.k.c.c.internals.ConsumerCoordinator  : [Consumer clientId=consumer-payment-service-2, groupId=payment-service] Finished assignment for group at generation 5: {consumer-payment-service-2-b8859daa-75bc-4a2f-83e3-db64fec8ee37=Assignment(partitions=[payment.order.created.dlq-0]), consumer-payment-service-1-7a9220da-6452-4c6f-9ee4-6af9bb3a566b=Assignment(partitions=[velora.order.topic-0])}
2026-04-22T21:39:33.747+07:00  INFO 81608 --- [payment-service] [ntainer#1-0-C-1] o.a.k.c.c.internals.ConsumerCoordinator  : [Consumer clientId=consumer-payment-service-2, groupId=payment-service] Successfully synced group in generation Generation{generationId=5, memberId='consumer-payment-service-2-b8859daa-75bc-4a2f-83e3-db64fec8ee37', protocol='range'}
2026-04-22T21:39:33.747+07:00  INFO 81608 --- [payment-service] [ntainer#0-0-C-1] o.a.k.c.c.internals.ConsumerCoordinator  : [Consumer clientId=consumer-payment-service-1, groupId=payment-service] Successfully synced group in generation Generation{generationId=5, memberId='consumer-payment-service-1-7a9220da-6452-4c6f-9ee4-6af9bb3a566b', protocol='range'}
2026-04-22T21:39:33.748+07:00  INFO 81608 --- [payment-service] [ntainer#1-0-C-1] o.a.k.c.c.internals.ConsumerCoordinator  : [Consumer clientId=consumer-payment-service-2, groupId=payment-service] Notifying assignor about the new Assignment(partitions=[payment.order.created.dlq-0])
2026-04-22T21:39:33.748+07:00  INFO 81608 --- [payment-service] [ntainer#0-0-C-1] o.a.k.c.c.internals.ConsumerCoordinator  : [Consumer clientId=consumer-payment-service-1, groupId=payment-service] Notifying assignor about the new Assignment(partitions=[velora.order.topic-0])
2026-04-22T21:39:33.752+07:00  INFO 81608 --- [payment-service] [ntainer#1-0-C-1] o.a.k.c.c.internals.ConsumerCoordinator  : [Consumer clientId=consumer-payment-service-2, groupId=payment-service] Adding newly assigned partitions: payment.order.created.dlq-0
2026-04-22T21:39:33.752+07:00  INFO 81608 --- [payment-service] [ntainer#0-0-C-1] o.a.k.c.c.internals.ConsumerCoordinator  : [Consumer clientId=consumer-payment-service-1, groupId=payment-service] Adding newly assigned partitions: velora.order.topic-0
2026-04-22T21:39:33.768+07:00  INFO 81608 --- [payment-service] [ntainer#1-0-C-1] o.a.k.c.c.internals.ConsumerCoordinator  : [Consumer clientId=consumer-payment-service-2, groupId=payment-service] Found no committed offset for partition payment.order.created.dlq-0
2026-04-22T21:39:33.769+07:00  INFO 81608 --- [payment-service] [ntainer#0-0-C-1] o.a.k.c.c.internals.ConsumerCoordinator  : [Consumer clientId=consumer-payment-service-1, groupId=payment-service] Setting offset for partition velora.order.topic-0 to the committed offset FetchPosition{offset=2, offsetEpoch=Optional.empty, currentLeader=LeaderAndEpoch{leader=Optional[localhost:9092 (id: 1 rack: null)], epoch=0}}
2026-04-22T21:39:33.769+07:00  INFO 81608 --- [payment-service] [ntainer#0-0-C-1] o.s.k.l.KafkaMessageListenerContainer    : payment-service: partitions assigned: [velora.order.topic-0]
2026-04-22T21:39:33.772+07:00  INFO 81608 --- [payment-service] [ntainer#1-0-C-1] o.a.k.c.c.internals.SubscriptionState    : [Consumer clientId=consumer-payment-service-2, groupId=payment-service] Resetting offset for partition payment.order.created.dlq-0 to position FetchPosition{offset=0, offsetEpoch=Optional.empty, currentLeader=LeaderAndEpoch{leader=Optional[localhost:9092 (id: 1 rack: null)], epoch=0}}.
2026-04-22T21:39:33.772+07:00  INFO 81608 --- [payment-service] [ntainer#1-0-C-1] o.s.k.l.KafkaMessageListenerContainer    : payment-service: partitions assigned: [payment.order.created.dlq-0]
2026-04-22T21:39:49.643+07:00  INFO 81608 --- [payment-service] [nio-8084-exec-1] o.a.c.c.C.[Tomcat].[localhost].[/]       : Initializing Spring DispatcherServlet 'dispatcherServlet'
2026-04-22T21:39:49.644+07:00  INFO 81608 --- [payment-service] [nio-8084-exec-1] o.s.web.servlet.DispatcherServlet        : Initializing Servlet 'dispatcherServlet'
2026-04-22T21:39:49.645+07:00  INFO 81608 --- [payment-service] [nio-8084-exec-1] o.s.web.servlet.DispatcherServlet        : Completed initialization in 1 ms
2026-04-22T21:39:49.916+07:00  INFO 81608 --- [payment-service] [nio-8084-exec-9] o.springdoc.api.AbstractOpenApiResource  : Init duration for springdoc-openapi is: 130 ms
